{
  "C:\\Users\\dkon7\\rs-school\\rs-react-tasks\\src\\components\\Context\\Context.tsx": {
    "path": "C:\\Users\\dkon7\\rs-school\\rs-react-tasks\\src\\components\\Context\\Context.tsx",
    "all": false,
    "statementMap": {
      "0": {
        "start": { "line": 1, "column": 0 },
        "end": { "line": 1, "column": 60 }
      },
      "1": {
        "start": { "line": 2, "column": 0 },
        "end": { "line": 2, "column": 72 }
      },
      "2": {
        "start": { "line": 3, "column": 0 },
        "end": { "line": 3, "column": 0 }
      },
      "3": {
        "start": { "line": 4, "column": 0 },
        "end": { "line": 4, "column": 62 }
      },
      "4": {
        "start": { "line": 5, "column": 0 },
        "end": { "line": 5, "column": 0 }
      },
      "5": {
        "start": { "line": 6, "column": 0 },
        "end": { "line": 6, "column": 57 }
      },
      "6": {
        "start": { "line": 7, "column": 0 },
        "end": { "line": 7, "column": 55 }
      },
      "7": {
        "start": { "line": 8, "column": 0 },
        "end": { "line": 8, "column": 73 }
      },
      "8": {
        "start": { "line": 9, "column": 0 },
        "end": { "line": 9, "column": 0 }
      },
      "9": {
        "start": { "line": 10, "column": 0 },
        "end": { "line": 10, "column": 10 }
      },
      "10": {
        "start": { "line": 11, "column": 0 },
        "end": { "line": 11, "column": 24 }
      },
      "11": {
        "start": { "line": 12, "column": 0 },
        "end": { "line": 12, "column": 76 }
      },
      "12": {
        "start": { "line": 13, "column": 0 },
        "end": { "line": 13, "column": 5 }
      },
      "13": {
        "start": { "line": 14, "column": 0 },
        "end": { "line": 14, "column": 16 }
      },
      "14": {
        "start": { "line": 15, "column": 0 },
        "end": { "line": 15, "column": 26 }
      },
      "15": {
        "start": { "line": 16, "column": 0 },
        "end": { "line": 16, "column": 4 }
      },
      "16": {
        "start": { "line": 17, "column": 0 },
        "end": { "line": 17, "column": 2 }
      },
      "17": {
        "start": { "line": 18, "column": 0 },
        "end": { "line": 18, "column": 0 }
      },
      "18": {
        "start": { "line": 19, "column": 0 },
        "end": { "line": 19, "column": 45 }
      },
      "19": {
        "start": { "line": 20, "column": 0 },
        "end": { "line": 20, "column": 41 }
      },
      "20": {
        "start": { "line": 21, "column": 0 },
        "end": { "line": 21, "column": 17 }
      },
      "21": {
        "start": { "line": 22, "column": 0 },
        "end": { "line": 22, "column": 22 }
      },
      "22": {
        "start": { "line": 23, "column": 0 },
        "end": { "line": 23, "column": 3 }
      },
      "23": {
        "start": { "line": 24, "column": 0 },
        "end": { "line": 24, "column": 17 }
      },
      "24": {
        "start": { "line": 25, "column": 0 },
        "end": { "line": 25, "column": 2 }
      },
      "25": {
        "start": { "line": 26, "column": 0 },
        "end": { "line": 26, "column": 0 }
      },
      "26": {
        "start": { "line": 27, "column": 0 },
        "end": { "line": 27, "column": 50 }
      }
    },
    "s": {
      "0": 1,
      "1": 1,
      "2": 1,
      "3": 1,
      "4": 1,
      "5": 1,
      "6": 0,
      "7": 0,
      "8": 0,
      "9": 0,
      "10": 0,
      "11": 0,
      "12": 0,
      "13": 0,
      "14": 0,
      "15": 0,
      "16": 0,
      "17": 1,
      "18": 1,
      "19": 2,
      "20": 2,
      "21": 0,
      "22": 0,
      "23": 2,
      "24": 2,
      "25": 1,
      "26": 1
    },
    "branchMap": {
      "0": {
        "type": "branch",
        "line": 19,
        "loc": {
          "start": { "line": 19, "column": 22 },
          "end": { "line": 25, "column": 2 }
        },
        "locations": [
          {
            "start": { "line": 19, "column": 22 },
            "end": { "line": 25, "column": 2 }
          }
        ]
      },
      "1": {
        "type": "branch",
        "line": 21,
        "loc": {
          "start": { "line": 21, "column": 16 },
          "end": { "line": 23, "column": 3 }
        },
        "locations": [
          {
            "start": { "line": 21, "column": 16 },
            "end": { "line": 23, "column": 3 }
          }
        ]
      }
    },
    "b": { "0": [2], "1": [0] },
    "fnMap": {
      "0": {
        "name": "AppProvider",
        "decl": {
          "start": { "line": 6, "column": 20 },
          "end": { "line": 17, "column": 2 }
        },
        "loc": {
          "start": { "line": 6, "column": 20 },
          "end": { "line": 17, "column": 2 }
        },
        "line": 6
      },
      "1": {
        "name": "useAppContext",
        "decl": {
          "start": { "line": 19, "column": 22 },
          "end": { "line": 25, "column": 2 }
        },
        "loc": {
          "start": { "line": 19, "column": 22 },
          "end": { "line": 25, "column": 2 }
        },
        "line": 19
      }
    },
    "f": { "0": 0, "1": 2 }
  },
  "C:\\Users\\dkon7\\rs-school\\rs-react-tasks\\src\\components\\Loader\\Loader.tsx": {
    "path": "C:\\Users\\dkon7\\rs-school\\rs-react-tasks\\src\\components\\Loader\\Loader.tsx",
    "all": false,
    "statementMap": {
      "0": {
        "start": { "line": 1, "column": 0 },
        "end": { "line": 1, "column": 41 }
      },
      "1": {
        "start": { "line": 2, "column": 0 },
        "end": { "line": 2, "column": 0 }
      },
      "2": {
        "start": { "line": 3, "column": 0 },
        "end": { "line": 3, "column": 22 }
      },
      "3": {
        "start": { "line": 4, "column": 0 },
        "end": { "line": 4, "column": 10 }
      },
      "4": {
        "start": { "line": 5, "column": 0 },
        "end": { "line": 5, "column": 6 }
      },
      "5": {
        "start": { "line": 6, "column": 0 },
        "end": { "line": 6, "column": 51 }
      },
      "6": {
        "start": { "line": 7, "column": 0 },
        "end": { "line": 7, "column": 7 }
      },
      "7": {
        "start": { "line": 8, "column": 0 },
        "end": { "line": 8, "column": 4 }
      },
      "8": {
        "start": { "line": 9, "column": 0 },
        "end": { "line": 9, "column": 2 }
      },
      "9": {
        "start": { "line": 10, "column": 0 },
        "end": { "line": 10, "column": 0 }
      },
      "10": {
        "start": { "line": 11, "column": 0 },
        "end": { "line": 11, "column": 22 }
      }
    },
    "s": {
      "0": 1,
      "1": 1,
      "2": 1,
      "3": 4,
      "4": 4,
      "5": 4,
      "6": 4,
      "7": 4,
      "8": 4,
      "9": 1,
      "10": 1
    },
    "branchMap": {
      "0": {
        "type": "branch",
        "line": 3,
        "loc": {
          "start": { "line": 3, "column": 15 },
          "end": { "line": 9, "column": 2 }
        },
        "locations": [
          {
            "start": { "line": 3, "column": 15 },
            "end": { "line": 9, "column": 2 }
          }
        ]
      }
    },
    "b": { "0": [4] },
    "fnMap": {
      "0": {
        "name": "Loader",
        "decl": {
          "start": { "line": 3, "column": 15 },
          "end": { "line": 9, "column": 2 }
        },
        "loc": {
          "start": { "line": 3, "column": 15 },
          "end": { "line": 9, "column": 2 }
        },
        "line": 3
      }
    },
    "f": { "0": 4 }
  },
  "C:\\Users\\dkon7\\rs-school\\rs-react-tasks\\src\\components\\ProductCard\\ProductCard.tsx": {
    "path": "C:\\Users\\dkon7\\rs-school\\rs-react-tasks\\src\\components\\ProductCard\\ProductCard.tsx",
    "all": false,
    "statementMap": {
      "0": {
        "start": { "line": 1, "column": 0 },
        "end": { "line": 1, "column": 46 }
      },
      "1": {
        "start": { "line": 2, "column": 0 },
        "end": { "line": 2, "column": 43 }
      },
      "2": {
        "start": { "line": 3, "column": 0 },
        "end": { "line": 3, "column": 57 }
      },
      "3": {
        "start": { "line": 4, "column": 0 },
        "end": { "line": 4, "column": 0 }
      },
      "4": {
        "start": { "line": 5, "column": 0 },
        "end": { "line": 5, "column": 43 }
      },
      "5": {
        "start": { "line": 6, "column": 0 },
        "end": { "line": 6, "column": 43 }
      },
      "6": {
        "start": { "line": 7, "column": 0 },
        "end": { "line": 7, "column": 0 }
      },
      "7": {
        "start": { "line": 8, "column": 0 },
        "end": { "line": 8, "column": 10 }
      },
      "8": {
        "start": { "line": 9, "column": 0 },
        "end": { "line": 9, "column": 6 }
      },
      "9": {
        "start": { "line": 10, "column": 0 },
        "end": { "line": 10, "column": 11 }
      },
      "10": {
        "start": { "line": 11, "column": 0 },
        "end": { "line": 11, "column": 76 }
      },
      "11": {
        "start": { "line": 12, "column": 0 },
        "end": { "line": 12, "column": 41 }
      },
      "12": {
        "start": { "line": 13, "column": 0 },
        "end": { "line": 13, "column": 73 }
      },
      "13": {
        "start": { "line": 14, "column": 0 },
        "end": { "line": 14, "column": 30 }
      },
      "14": {
        "start": { "line": 15, "column": 0 },
        "end": { "line": 15, "column": 7 }
      },
      "15": {
        "start": { "line": 16, "column": 0 },
        "end": { "line": 16, "column": 39 }
      },
      "16": {
        "start": { "line": 17, "column": 0 },
        "end": { "line": 17, "column": 14 }
      },
      "17": {
        "start": { "line": 18, "column": 0 },
        "end": { "line": 18, "column": 35 }
      },
      "18": {
        "start": { "line": 19, "column": 0 },
        "end": { "line": 19, "column": 33 }
      },
      "19": {
        "start": { "line": 20, "column": 0 },
        "end": { "line": 20, "column": 29 }
      },
      "20": {
        "start": { "line": 21, "column": 0 },
        "end": { "line": 21, "column": 12 }
      },
      "21": {
        "start": { "line": 22, "column": 0 },
        "end": { "line": 22, "column": 41 }
      },
      "22": {
        "start": { "line": 23, "column": 0 },
        "end": { "line": 23, "column": 40 }
      },
      "23": {
        "start": { "line": 24, "column": 0 },
        "end": { "line": 24, "column": 44 }
      },
      "24": {
        "start": { "line": 25, "column": 0 },
        "end": { "line": 25, "column": 17 }
      },
      "25": {
        "start": { "line": 26, "column": 0 },
        "end": { "line": 26, "column": 68 }
      },
      "26": {
        "start": { "line": 27, "column": 0 },
        "end": { "line": 27, "column": 16 }
      },
      "27": {
        "start": { "line": 28, "column": 0 },
        "end": { "line": 28, "column": 14 }
      },
      "28": {
        "start": { "line": 29, "column": 0 },
        "end": { "line": 29, "column": 13 }
      },
      "29": {
        "start": { "line": 30, "column": 0 },
        "end": { "line": 30, "column": 7 }
      },
      "30": {
        "start": { "line": 31, "column": 0 },
        "end": { "line": 31, "column": 4 }
      },
      "31": {
        "start": { "line": 32, "column": 0 },
        "end": { "line": 32, "column": 2 }
      },
      "32": {
        "start": { "line": 33, "column": 0 },
        "end": { "line": 33, "column": 0 }
      },
      "33": {
        "start": { "line": 34, "column": 0 },
        "end": { "line": 34, "column": 27 }
      }
    },
    "s": {
      "0": 1,
      "1": 1,
      "2": 1,
      "3": 1,
      "4": 1,
      "5": 7,
      "6": 7,
      "7": 7,
      "8": 7,
      "9": 7,
      "10": 7,
      "11": 7,
      "12": 7,
      "13": 7,
      "14": 7,
      "15": 7,
      "16": 7,
      "17": 7,
      "18": 7,
      "19": 7,
      "20": 7,
      "21": 7,
      "22": 7,
      "23": 7,
      "24": 7,
      "25": 7,
      "26": 7,
      "27": 7,
      "28": 7,
      "29": 7,
      "30": 7,
      "31": 7,
      "32": 1,
      "33": 1
    },
    "branchMap": {
      "0": {
        "type": "branch",
        "line": 5,
        "loc": {
          "start": { "line": 5, "column": 20 },
          "end": { "line": 32, "column": 2 }
        },
        "locations": [
          {
            "start": { "line": 5, "column": 20 },
            "end": { "line": 32, "column": 2 }
          }
        ]
      },
      "1": {
        "type": "branch",
        "line": 12,
        "loc": {
          "start": { "line": 12, "column": 33 },
          "end": { "line": 12, "column": 41 }
        },
        "locations": [
          {
            "start": { "line": 12, "column": 33 },
            "end": { "line": 12, "column": 41 }
          }
        ]
      },
      "2": {
        "type": "branch",
        "line": 13,
        "loc": {
          "start": { "line": 13, "column": 62 },
          "end": { "line": 13, "column": 70 }
        },
        "locations": [
          {
            "start": { "line": 13, "column": 62 },
            "end": { "line": 13, "column": 70 }
          }
        ]
      }
    },
    "b": { "0": [7], "1": [6], "2": [6] },
    "fnMap": {
      "0": {
        "name": "ProductCard",
        "decl": {
          "start": { "line": 5, "column": 20 },
          "end": { "line": 32, "column": 2 }
        },
        "loc": {
          "start": { "line": 5, "column": 20 },
          "end": { "line": 32, "column": 2 }
        },
        "line": 5
      }
    },
    "f": { "0": 7 }
  },
  "C:\\Users\\dkon7\\rs-school\\rs-react-tasks\\src\\components\\ProductPage\\ProductPage.tsx": {
    "path": "C:\\Users\\dkon7\\rs-school\\rs-react-tasks\\src\\components\\ProductPage\\ProductPage.tsx",
    "all": false,
    "statementMap": {
      "0": {
        "start": { "line": 1, "column": 0 },
        "end": { "line": 1, "column": 46 }
      },
      "1": {
        "start": { "line": 2, "column": 0 },
        "end": { "line": 2, "column": 75 }
      },
      "2": {
        "start": { "line": 3, "column": 0 },
        "end": { "line": 3, "column": 44 }
      },
      "3": {
        "start": { "line": 4, "column": 0 },
        "end": { "line": 4, "column": 44 }
      },
      "4": {
        "start": { "line": 5, "column": 0 },
        "end": { "line": 5, "column": 38 }
      },
      "5": {
        "start": { "line": 6, "column": 0 },
        "end": { "line": 6, "column": 43 }
      },
      "6": {
        "start": { "line": 7, "column": 0 },
        "end": { "line": 7, "column": 0 }
      },
      "7": {
        "start": { "line": 8, "column": 0 },
        "end": { "line": 8, "column": 27 }
      },
      "8": {
        "start": { "line": 9, "column": 0 },
        "end": { "line": 9, "column": 29 }
      },
      "9": {
        "start": { "line": 10, "column": 0 },
        "end": { "line": 10, "column": 33 }
      },
      "10": {
        "start": { "line": 11, "column": 0 },
        "end": { "line": 11, "column": 47 }
      },
      "11": {
        "start": { "line": 12, "column": 0 },
        "end": { "line": 12, "column": 58 }
      },
      "12": {
        "start": { "line": 13, "column": 0 },
        "end": { "line": 13, "column": 43 }
      },
      "13": {
        "start": { "line": 14, "column": 0 },
        "end": { "line": 14, "column": 0 }
      },
      "14": {
        "start": { "line": 15, "column": 0 },
        "end": { "line": 15, "column": 19 }
      },
      "15": {
        "start": { "line": 16, "column": 0 },
        "end": { "line": 16, "column": 35 }
      },
      "16": {
        "start": { "line": 17, "column": 0 },
        "end": { "line": 17, "column": 11 }
      },
      "17": {
        "start": { "line": 18, "column": 0 },
        "end": { "line": 18, "column": 50 }
      },
      "18": {
        "start": { "line": 19, "column": 0 },
        "end": { "line": 19, "column": 28 }
      },
      "19": {
        "start": { "line": 20, "column": 0 },
        "end": { "line": 20, "column": 26 }
      },
      "20": {
        "start": { "line": 21, "column": 0 },
        "end": { "line": 21, "column": 23 }
      },
      "21": {
        "start": { "line": 22, "column": 0 },
        "end": { "line": 22, "column": 26 }
      },
      "22": {
        "start": { "line": 23, "column": 0 },
        "end": { "line": 23, "column": 7 }
      },
      "23": {
        "start": { "line": 24, "column": 0 },
        "end": { "line": 24, "column": 6 }
      },
      "24": {
        "start": { "line": 25, "column": 0 },
        "end": { "line": 25, "column": 0 }
      },
      "25": {
        "start": { "line": 26, "column": 0 },
        "end": { "line": 26, "column": 16 }
      },
      "26": {
        "start": { "line": 27, "column": 0 },
        "end": { "line": 27, "column": 11 }
      },
      "27": {
        "start": { "line": 28, "column": 0 },
        "end": { "line": 28, "column": 0 }
      },
      "28": {
        "start": { "line": 29, "column": 0 },
        "end": { "line": 29, "column": 27 }
      },
      "29": {
        "start": { "line": 30, "column": 0 },
        "end": { "line": 30, "column": 13 }
      },
      "30": {
        "start": { "line": 31, "column": 0 },
        "end": { "line": 31, "column": 59 }
      },
      "31": {
        "start": { "line": 32, "column": 0 },
        "end": { "line": 32, "column": 39 }
      },
      "32": {
        "start": { "line": 33, "column": 0 },
        "end": { "line": 33, "column": 70 }
      },
      "33": {
        "start": { "line": 34, "column": 0 },
        "end": { "line": 34, "column": 6 }
      },
      "34": {
        "start": { "line": 35, "column": 0 },
        "end": { "line": 35, "column": 4 }
      },
      "35": {
        "start": { "line": 36, "column": 0 },
        "end": { "line": 36, "column": 0 }
      },
      "36": {
        "start": { "line": 37, "column": 0 },
        "end": { "line": 37, "column": 10 }
      },
      "37": {
        "start": { "line": 38, "column": 0 },
        "end": { "line": 38, "column": 6 }
      },
      "38": {
        "start": { "line": 39, "column": 0 },
        "end": { "line": 39, "column": 18 }
      },
      "39": {
        "start": { "line": 40, "column": 0 },
        "end": { "line": 40, "column": 18 }
      },
      "40": {
        "start": { "line": 41, "column": 0 },
        "end": { "line": 41, "column": 11 }
      },
      "41": {
        "start": { "line": 42, "column": 0 },
        "end": { "line": 42, "column": 39 }
      },
      "42": {
        "start": { "line": 43, "column": 0 },
        "end": { "line": 43, "column": 61 }
      },
      "43": {
        "start": { "line": 44, "column": 0 },
        "end": { "line": 44, "column": 34 }
      },
      "44": {
        "start": { "line": 45, "column": 0 },
        "end": { "line": 45, "column": 38 }
      },
      "45": {
        "start": { "line": 46, "column": 0 },
        "end": { "line": 46, "column": 33 }
      },
      "46": {
        "start": { "line": 47, "column": 0 },
        "end": { "line": 47, "column": 52 }
      },
      "47": {
        "start": { "line": 48, "column": 0 },
        "end": { "line": 48, "column": 14 }
      },
      "48": {
        "start": { "line": 49, "column": 0 },
        "end": { "line": 49, "column": 8 }
      },
      "49": {
        "start": { "line": 50, "column": 0 },
        "end": { "line": 50, "column": 7 }
      },
      "50": {
        "start": { "line": 51, "column": 0 },
        "end": { "line": 51, "column": 4 }
      },
      "51": {
        "start": { "line": 52, "column": 0 },
        "end": { "line": 52, "column": 2 }
      },
      "52": {
        "start": { "line": 53, "column": 0 },
        "end": { "line": 53, "column": 0 }
      },
      "53": {
        "start": { "line": 54, "column": 0 },
        "end": { "line": 54, "column": 27 }
      }
    },
    "s": {
      "0": 1,
      "1": 1,
      "2": 1,
      "3": 1,
      "4": 1,
      "5": 1,
      "6": 1,
      "7": 1,
      "8": 7,
      "9": 7,
      "10": 7,
      "11": 7,
      "12": 7,
      "13": 7,
      "14": 7,
      "15": 4,
      "16": 4,
      "17": 4,
      "18": 4,
      "19": 4,
      "20": 4,
      "21": 0,
      "22": 0,
      "23": 4,
      "24": 4,
      "25": 4,
      "26": 7,
      "27": 7,
      "28": 7,
      "29": 1,
      "30": 1,
      "31": 1,
      "32": 1,
      "33": 1,
      "34": 1,
      "35": 7,
      "36": 7,
      "37": 7,
      "38": 7,
      "39": 4,
      "40": 3,
      "41": 3,
      "42": 3,
      "43": 3,
      "44": 3,
      "45": 3,
      "46": 3,
      "47": 3,
      "48": 7,
      "49": 7,
      "50": 7,
      "51": 7,
      "52": 1,
      "53": 1
    },
    "branchMap": {
      "0": {
        "type": "branch",
        "line": 8,
        "loc": {
          "start": { "line": 8, "column": 20 },
          "end": { "line": 52, "column": 2 }
        },
        "locations": [
          {
            "start": { "line": 8, "column": 20 },
            "end": { "line": 52, "column": 2 }
          }
        ]
      },
      "1": {
        "type": "branch",
        "line": 39,
        "loc": {
          "start": { "line": 39, "column": 7 },
          "end": { "line": 40, "column": 18 }
        },
        "locations": [
          {
            "start": { "line": 39, "column": 7 },
            "end": { "line": 40, "column": 18 }
          }
        ]
      },
      "2": {
        "type": "branch",
        "line": 40,
        "loc": {
          "start": { "line": 40, "column": 16 },
          "end": { "line": 48, "column": 14 }
        },
        "locations": [
          {
            "start": { "line": 40, "column": 16 },
            "end": { "line": 48, "column": 14 }
          }
        ]
      },
      "3": {
        "type": "branch",
        "line": 15,
        "loc": {
          "start": { "line": 15, "column": 12 },
          "end": { "line": 27, "column": 5 }
        },
        "locations": [
          {
            "start": { "line": 15, "column": 12 },
            "end": { "line": 27, "column": 5 }
          }
        ]
      },
      "4": {
        "type": "branch",
        "line": 16,
        "loc": {
          "start": { "line": 16, "column": 22 },
          "end": { "line": 24, "column": 6 }
        },
        "locations": [
          {
            "start": { "line": 16, "column": 22 },
            "end": { "line": 24, "column": 6 }
          }
        ]
      },
      "5": {
        "type": "branch",
        "line": 21,
        "loc": {
          "start": { "line": 21, "column": 6 },
          "end": { "line": 23, "column": 7 }
        },
        "locations": [
          {
            "start": { "line": 21, "column": 6 },
            "end": { "line": 23, "column": 7 }
          }
        ]
      },
      "6": {
        "type": "branch",
        "line": 29,
        "loc": {
          "start": { "line": 29, "column": 20 },
          "end": { "line": 35, "column": 4 }
        },
        "locations": [
          {
            "start": { "line": 29, "column": 20 },
            "end": { "line": 35, "column": 4 }
          }
        ]
      },
      "7": {
        "type": "branch",
        "line": 32,
        "loc": {
          "start": { "line": 32, "column": 31 },
          "end": { "line": 32, "column": 39 }
        },
        "locations": [
          {
            "start": { "line": 32, "column": 31 },
            "end": { "line": 32, "column": 39 }
          }
        ]
      },
      "8": {
        "type": "branch",
        "line": 33,
        "loc": {
          "start": { "line": 33, "column": 60 },
          "end": { "line": 33, "column": 68 }
        },
        "locations": [
          {
            "start": { "line": 33, "column": 60 },
            "end": { "line": 33, "column": 68 }
          }
        ]
      }
    },
    "b": {
      "0": [7],
      "1": [4],
      "2": [3],
      "3": [4],
      "4": [4],
      "5": [0],
      "6": [1],
      "7": [0],
      "8": [0]
    },
    "fnMap": {
      "0": {
        "name": "ProductPage",
        "decl": {
          "start": { "line": 8, "column": 20 },
          "end": { "line": 52, "column": 2 }
        },
        "loc": {
          "start": { "line": 8, "column": 20 },
          "end": { "line": 52, "column": 2 }
        },
        "line": 8
      },
      "1": {
        "name": "fetchData",
        "decl": {
          "start": { "line": 16, "column": 22 },
          "end": { "line": 24, "column": 6 }
        },
        "loc": {
          "start": { "line": 16, "column": 22 },
          "end": { "line": 24, "column": 6 }
        },
        "line": 16
      },
      "2": {
        "name": "closePage",
        "decl": {
          "start": { "line": 29, "column": 20 },
          "end": { "line": 35, "column": 4 }
        },
        "loc": {
          "start": { "line": 29, "column": 20 },
          "end": { "line": 35, "column": 4 }
        },
        "line": 29
      }
    },
    "f": { "0": 7, "1": 4, "2": 1 }
  },
  "C:\\Users\\dkon7\\rs-school\\rs-react-tasks\\src\\pages\\Main\\Main.tsx": {
    "path": "C:\\Users\\dkon7\\rs-school\\rs-react-tasks\\src\\pages\\Main\\Main.tsx",
    "all": false,
    "statementMap": {
      "0": {
        "start": { "line": 1, "column": 0 },
        "end": { "line": 1, "column": 52 }
      },
      "1": {
        "start": { "line": 2, "column": 0 },
        "end": { "line": 2, "column": 67 }
      },
      "2": {
        "start": { "line": 3, "column": 0 },
        "end": { "line": 3, "column": 63 }
      },
      "3": {
        "start": { "line": 4, "column": 0 },
        "end": { "line": 4, "column": 65 }
      },
      "4": {
        "start": { "line": 5, "column": 0 },
        "end": { "line": 5, "column": 0 }
      },
      "5": {
        "start": { "line": 6, "column": 0 },
        "end": { "line": 6, "column": 36 }
      },
      "6": {
        "start": { "line": 7, "column": 0 },
        "end": { "line": 7, "column": 28 }
      },
      "7": {
        "start": { "line": 8, "column": 0 },
        "end": { "line": 8, "column": 0 }
      },
      "8": {
        "start": { "line": 9, "column": 0 },
        "end": { "line": 9, "column": 42 }
      },
      "9": {
        "start": { "line": 10, "column": 0 },
        "end": { "line": 10, "column": 0 }
      },
      "10": {
        "start": { "line": 11, "column": 0 },
        "end": { "line": 11, "column": 10 }
      },
      "11": {
        "start": { "line": 12, "column": 0 },
        "end": { "line": 12, "column": 6 }
      },
      "12": {
        "start": { "line": 13, "column": 0 },
        "end": { "line": 13, "column": 18 }
      },
      "13": {
        "start": { "line": 14, "column": 0 },
        "end": { "line": 14, "column": 18 }
      },
      "14": {
        "start": { "line": 15, "column": 0 },
        "end": { "line": 15, "column": 69 }
      },
      "15": {
        "start": { "line": 16, "column": 0 },
        "end": { "line": 16, "column": 48 }
      },
      "16": {
        "start": { "line": 17, "column": 0 },
        "end": { "line": 17, "column": 18 }
      },
      "17": {
        "start": { "line": 18, "column": 0 },
        "end": { "line": 18, "column": 24 }
      },
      "18": {
        "start": { "line": 19, "column": 0 },
        "end": { "line": 19, "column": 28 }
      },
      "19": {
        "start": { "line": 20, "column": 0 },
        "end": { "line": 20, "column": 30 }
      },
      "20": {
        "start": { "line": 21, "column": 0 },
        "end": { "line": 21, "column": 38 }
      },
      "21": {
        "start": { "line": 22, "column": 0 },
        "end": { "line": 22, "column": 42 }
      },
      "22": {
        "start": { "line": 23, "column": 0 },
        "end": { "line": 23, "column": 30 }
      },
      "23": {
        "start": { "line": 24, "column": 0 },
        "end": { "line": 24, "column": 24 }
      },
      "24": {
        "start": { "line": 25, "column": 0 },
        "end": { "line": 25, "column": 14 }
      },
      "25": {
        "start": { "line": 26, "column": 0 },
        "end": { "line": 26, "column": 12 }
      },
      "26": {
        "start": { "line": 27, "column": 0 },
        "end": { "line": 27, "column": 10 }
      },
      "27": {
        "start": { "line": 28, "column": 0 },
        "end": { "line": 28, "column": 11 }
      },
      "28": {
        "start": { "line": 29, "column": 0 },
        "end": { "line": 29, "column": 24 }
      },
      "29": {
        "start": { "line": 30, "column": 0 },
        "end": { "line": 30, "column": 8 }
      },
      "30": {
        "start": { "line": 31, "column": 0 },
        "end": { "line": 31, "column": 7 }
      },
      "31": {
        "start": { "line": 32, "column": 0 },
        "end": { "line": 32, "column": 4 }
      },
      "32": {
        "start": { "line": 33, "column": 0 },
        "end": { "line": 33, "column": 2 }
      },
      "33": {
        "start": { "line": 34, "column": 0 },
        "end": { "line": 34, "column": 0 }
      },
      "34": {
        "start": { "line": 35, "column": 0 },
        "end": { "line": 35, "column": 20 }
      }
    },
    "s": {
      "0": 1,
      "1": 1,
      "2": 1,
      "3": 1,
      "4": 1,
      "5": 1,
      "6": 2,
      "7": 2,
      "8": 2,
      "9": 2,
      "10": 2,
      "11": 2,
      "12": 2,
      "13": 0,
      "14": 2,
      "15": 1,
      "16": 3,
      "17": 3,
      "18": 3,
      "19": 3,
      "20": 3,
      "21": 3,
      "22": 3,
      "23": 3,
      "24": 3,
      "25": 3,
      "26": 1,
      "27": 1,
      "28": 1,
      "29": 2,
      "30": 2,
      "31": 2,
      "32": 2,
      "33": 1,
      "34": 1
    },
    "branchMap": {
      "0": {
        "type": "branch",
        "line": 6,
        "loc": {
          "start": { "line": 6, "column": 13 },
          "end": { "line": 33, "column": 2 }
        },
        "locations": [
          {
            "start": { "line": 6, "column": 13 },
            "end": { "line": 33, "column": 2 }
          }
        ]
      },
      "1": {
        "type": "branch",
        "line": 13,
        "loc": {
          "start": { "line": 13, "column": 7 },
          "end": { "line": 14, "column": 18 }
        },
        "locations": [
          {
            "start": { "line": 13, "column": 7 },
            "end": { "line": 14, "column": 18 }
          }
        ]
      },
      "2": {
        "type": "branch",
        "line": 15,
        "loc": {
          "start": { "line": 15, "column": 64 },
          "end": { "line": 27, "column": 10 }
        },
        "locations": [
          {
            "start": { "line": 15, "column": 64 },
            "end": { "line": 27, "column": 10 }
          }
        ]
      },
      "3": {
        "type": "branch",
        "line": 27,
        "loc": {
          "start": { "line": 27, "column": 9 },
          "end": { "line": 29, "column": 24 }
        },
        "locations": [
          {
            "start": { "line": 27, "column": 9 },
            "end": { "line": 29, "column": 24 }
          }
        ]
      },
      "4": {
        "type": "branch",
        "line": 16,
        "loc": {
          "start": { "line": 16, "column": 33 },
          "end": { "line": 27, "column": 9 }
        },
        "locations": [
          {
            "start": { "line": 16, "column": 33 },
            "end": { "line": 27, "column": 9 }
          }
        ]
      }
    },
    "b": { "0": [2], "1": [0], "2": [1], "3": [1], "4": [3] },
    "fnMap": {
      "0": {
        "name": "Main",
        "decl": {
          "start": { "line": 6, "column": 13 },
          "end": { "line": 33, "column": 2 }
        },
        "loc": {
          "start": { "line": 6, "column": 13 },
          "end": { "line": 33, "column": 2 }
        },
        "line": 6
      }
    },
    "f": { "0": 2 }
  },
  "C:\\Users\\dkon7\\rs-school\\rs-react-tasks\\src\\scripts\\getItem.ts": {
    "path": "C:\\Users\\dkon7\\rs-school\\rs-react-tasks\\src\\scripts\\getItem.ts",
    "all": false,
    "statementMap": {
      "0": {
        "start": { "line": 1, "column": 0 },
        "end": { "line": 1, "column": 39 }
      },
      "1": {
        "start": { "line": 2, "column": 0 },
        "end": { "line": 2, "column": 71 }
      },
      "2": {
        "start": { "line": 3, "column": 0 },
        "end": { "line": 3, "column": 37 }
      },
      "3": {
        "start": { "line": 4, "column": 0 },
        "end": { "line": 4, "column": 14 }
      },
      "4": {
        "start": { "line": 5, "column": 0 },
        "end": { "line": 5, "column": 2 }
      },
      "5": {
        "start": { "line": 6, "column": 0 },
        "end": { "line": 6, "column": 0 }
      },
      "6": {
        "start": { "line": 7, "column": 0 },
        "end": { "line": 7, "column": 23 }
      }
    },
    "s": { "0": 1, "1": 4, "2": 4, "3": 4, "4": 4, "5": 1, "6": 1 },
    "branchMap": {
      "0": {
        "type": "branch",
        "line": 1,
        "loc": {
          "start": { "line": 1, "column": 16 },
          "end": { "line": 5, "column": 2 }
        },
        "locations": [
          {
            "start": { "line": 1, "column": 16 },
            "end": { "line": 5, "column": 2 }
          }
        ]
      }
    },
    "b": { "0": [4] },
    "fnMap": {
      "0": {
        "name": "getItem",
        "decl": {
          "start": { "line": 1, "column": 16 },
          "end": { "line": 5, "column": 2 }
        },
        "loc": {
          "start": { "line": 1, "column": 16 },
          "end": { "line": 5, "column": 2 }
        },
        "line": 1
      }
    },
    "f": { "0": 4 }
  },
  "C:\\Users\\dkon7\\rs-school\\rs-react-tasks\\src\\test\\handlers.ts": {
    "path": "C:\\Users\\dkon7\\rs-school\\rs-react-tasks\\src\\test\\handlers.ts",
    "all": false,
    "statementMap": {
      "0": {
        "start": { "line": 1, "column": 0 },
        "end": { "line": 1, "column": 41 }
      },
      "1": {
        "start": { "line": 2, "column": 0 },
        "end": { "line": 2, "column": 0 }
      },
      "2": {
        "start": { "line": 3, "column": 0 },
        "end": { "line": 3, "column": 25 }
      },
      "3": {
        "start": { "line": 4, "column": 0 },
        "end": { "line": 4, "column": 56 }
      },
      "4": {
        "start": { "line": 5, "column": 0 },
        "end": { "line": 5, "column": 30 }
      },
      "5": {
        "start": { "line": 6, "column": 0 },
        "end": { "line": 6, "column": 12 }
      },
      "6": {
        "start": { "line": 7, "column": 0 },
        "end": { "line": 7, "column": 20 }
      },
      "7": {
        "start": { "line": 8, "column": 0 },
        "end": { "line": 8, "column": 37 }
      },
      "8": {
        "start": { "line": 9, "column": 0 },
        "end": { "line": 9, "column": 41 }
      },
      "9": {
        "start": { "line": 10, "column": 0 },
        "end": { "line": 10, "column": 17 }
      },
      "10": {
        "start": { "line": 11, "column": 0 },
        "end": { "line": 11, "column": 7 }
      },
      "11": {
        "start": { "line": 12, "column": 0 },
        "end": { "line": 12, "column": 5 }
      },
      "12": {
        "start": { "line": 13, "column": 0 },
        "end": { "line": 13, "column": 2 }
      }
    },
    "s": {
      "0": 1,
      "1": 1,
      "2": 1,
      "3": 1,
      "4": 4,
      "5": 4,
      "6": 4,
      "7": 4,
      "8": 4,
      "9": 4,
      "10": 4,
      "11": 1,
      "12": 1
    },
    "branchMap": {
      "0": {
        "type": "branch",
        "line": 4,
        "loc": {
          "start": { "line": 4, "column": 49 },
          "end": { "line": 12, "column": 3 }
        },
        "locations": [
          {
            "start": { "line": 4, "column": 49 },
            "end": { "line": 12, "column": 3 }
          }
        ]
      }
    },
    "b": { "0": [4] },
    "fnMap": {},
    "f": {}
  },
  "C:\\Users\\dkon7\\rs-school\\rs-react-tasks\\src\\test\\server.ts": {
    "path": "C:\\Users\\dkon7\\rs-school\\rs-react-tasks\\src\\test\\server.ts",
    "all": false,
    "statementMap": {
      "0": {
        "start": { "line": 1, "column": 0 },
        "end": { "line": 1, "column": 38 }
      },
      "1": {
        "start": { "line": 2, "column": 0 },
        "end": { "line": 2, "column": 39 }
      },
      "2": {
        "start": { "line": 3, "column": 0 },
        "end": { "line": 3, "column": 0 }
      },
      "3": {
        "start": { "line": 4, "column": 0 },
        "end": { "line": 4, "column": 40 }
      },
      "4": {
        "start": { "line": 5, "column": 0 },
        "end": { "line": 5, "column": 0 }
      },
      "5": {
        "start": { "line": 6, "column": 0 },
        "end": { "line": 6, "column": 18 }
      }
    },
    "s": { "0": 1, "1": 1, "2": 1, "3": 1, "4": 1, "5": 1 },
    "branchMap": {},
    "b": {},
    "fnMap": {},
    "f": {}
  }
}
